This is pdfTeX, Version 3.14159265-2.6-1.40.20 (TeX Live 2019/Debian) (preloaded format=pdflatex 2021.10.7)  20 OCT 2021 21:21
entering extended mode
 restricted \write18 enabled.
 %&-line parsing enabled.
**main.tex
(./main.tex
LaTeX2e <2020-02-02> patch level 2
L3 programming layer <2020-02-14>
(/usr/share/texlive/texmf-dist/tex/latex/base/article.cls
Document Class: article 2019/12/20 v1.4l Standard LaTeX document class
(/usr/share/texlive/texmf-dist/tex/latex/base/size12.clo
File: size12.clo 2019/12/20 v1.4l Standard LaTeX file (size option)
)
\c@part=\count167
\c@section=\count168
\c@subsection=\count169
\c@subsubsection=\count170
\c@paragraph=\count171
\c@subparagraph=\count172
\c@figure=\count173
\c@table=\count174
\abovecaptionskip=\skip47
\belowcaptionskip=\skip48
\bibindent=\dimen134
) (./main_config.tex
(/usr/share/texlive/texmf-dist/tex/latex/base/inputenc.sty
Package: inputenc 2018/08/11 v1.3c Input encoding file
\inpenc@prehook=\toks14
\inpenc@posthook=\toks15
)
(/usr/share/texlive/texmf-dist/tex/latex/geometry/geometry.sty
Package: geometry 2020/01/02 v5.9 Page Geometry

(/usr/share/texlive/texmf-dist/tex/latex/graphics/keyval.sty
Package: keyval 2014/10/28 v1.15 key=value parser (DPC)
\KV@toks@=\toks16
)
(/usr/share/texlive/texmf-dist/tex/generic/iftex/ifvtex.sty
Package: ifvtex 2019/10/25 v1.7 ifvtex legacy package. Use iftex instead.

(/usr/share/texlive/texmf-dist/tex/generic/iftex/iftex.sty
Package: iftex 2019/11/07 v1.0c TeX engine tests
))
\Gm@cnth=\count175
\Gm@cntv=\count176
\c@Gm@tempcnt=\count177
\Gm@bindingoffset=\dimen135
\Gm@wd@mp=\dimen136
\Gm@odd@mp=\dimen137
\Gm@even@mp=\dimen138
\Gm@layoutwidth=\dimen139
\Gm@layoutheight=\dimen140
\Gm@layouthoffset=\dimen141
\Gm@layoutvoffset=\dimen142
\Gm@dimlist=\toks17
)
(/usr/share/texlive/texmf-dist/tex/latex/fancyhdr/fancyhdr.sty
Package: fancyhdr 2019/01/31 v3.10 Extensive control of page headers and footer
s
\f@nch@headwidth=\skip49
\f@nch@O@elh=\skip50
\f@nch@O@erh=\skip51
\f@nch@O@olh=\skip52
\f@nch@O@orh=\skip53
\f@nch@O@elf=\skip54
\f@nch@O@erf=\skip55
\f@nch@O@olf=\skip56
\f@nch@O@orf=\skip57
)
(/usr/share/texlive/texmf-dist/tex/latex/float/float.sty
Package: float 2001/11/08 v1.3d Float enhancements (AL)
\c@float@type=\count178
\float@exts=\toks18
\float@box=\box45
\@float@everytoks=\toks19
\@floatcapt=\box46
)
(/usr/share/texlive/texmf-dist/tex/latex/graphics/graphicx.sty
Package: graphicx 2019/11/30 v1.2a Enhanced LaTeX Graphics (DPC,SPQR)

(/usr/share/texlive/texmf-dist/tex/latex/graphics/graphics.sty
Package: graphics 2019/11/30 v1.4a Standard LaTeX Graphics (DPC,SPQR)

(/usr/share/texlive/texmf-dist/tex/latex/graphics/trig.sty
Package: trig 2016/01/03 v1.10 sin cos tan (DPC)
)
(/usr/share/texlive/texmf-dist/tex/latex/graphics-cfg/graphics.cfg
File: graphics.cfg 2016/06/04 v1.11 sample graphics configuration
)
Package graphics Info: Driver file: pdftex.def on input line 105.

(/usr/share/texlive/texmf-dist/tex/latex/graphics-def/pdftex.def
File: pdftex.def 2018/01/08 v1.0l Graphics/color driver for pdftex
))
\Gin@req@height=\dimen143
\Gin@req@width=\dimen144
)
(/usr/share/texlive/texmf-dist/tex/latex/wrapfig/wrapfig.sty
\wrapoverhang=\dimen145
\WF@size=\dimen146
\c@WF@wrappedlines=\count179
\WF@box=\box47
\WF@everypar=\toks20
Package: wrapfig 2003/01/31  v 3.6
)
(/usr/share/texlive/texmf-dist/tex/latex/caption/caption.sty
Package: caption 2020/01/03 v3.4h Customizing captions (AR)

(/usr/share/texlive/texmf-dist/tex/latex/caption/caption3.sty
Package: caption3 2020/01/03 v1.8h caption3 kernel (AR)
Package caption3 Info: TeX engine: e-TeX on input line 61.
\captionmargin=\dimen147
\captionmargin@=\dimen148
\captionwidth=\dimen149
\caption@tempdima=\dimen150
\caption@indent=\dimen151
\caption@parindent=\dimen152
\caption@hangindent=\dimen153
Package caption Info: Standard document class detected.
)
\c@caption@flags=\count180
\c@continuedfloat=\count181
Package caption Info: float package is loaded.
Package caption Info: wrapfig package is loaded.
)
(/usr/share/texlive/texmf-dist/tex/latex/caption/subcaption.sty
Package: subcaption 2020/01/22 v1.3d Sub-captions (AR)
\c@subfigure=\count182
\c@subtable=\count183
)
(/usr/share/texlive/texmf-dist/tex/latex/amsmath/amsmath.sty
Package: amsmath 2020/01/20 v2.17e AMS math features
\@mathmargin=\skip58

For additional information on amsmath, use the `?' option.
(/usr/share/texlive/texmf-dist/tex/latex/amsmath/amstext.sty
Package: amstext 2000/06/29 v2.01 AMS text

(/usr/share/texlive/texmf-dist/tex/latex/amsmath/amsgen.sty
File: amsgen.sty 1999/11/30 v2.0 generic functions
\@emptytoks=\toks21
\ex@=\dimen154
))
(/usr/share/texlive/texmf-dist/tex/latex/amsmath/amsbsy.sty
Package: amsbsy 1999/11/29 v1.2d Bold Symbols
\pmbraise@=\dimen155
)
(/usr/share/texlive/texmf-dist/tex/latex/amsmath/amsopn.sty
Package: amsopn 2016/03/08 v2.02 operator names
)
\inf@bad=\count184
LaTeX Info: Redefining \frac on input line 227.
\uproot@=\count185
\leftroot@=\count186
LaTeX Info: Redefining \overline on input line 389.
\classnum@=\count187
\DOTSCASE@=\count188
LaTeX Info: Redefining \ldots on input line 486.
LaTeX Info: Redefining \dots on input line 489.
LaTeX Info: Redefining \cdots on input line 610.
\Mathstrutbox@=\box48
\strutbox@=\box49
\big@size=\dimen156
LaTeX Font Info:    Redeclaring font encoding OML on input line 733.
LaTeX Font Info:    Redeclaring font encoding OMS on input line 734.
\macc@depth=\count189
\c@MaxMatrixCols=\count190
\dotsspace@=\muskip16
\c@parentequation=\count191
\dspbrk@lvl=\count192
\tag@help=\toks22
\row@=\count193
\column@=\count194
\maxfields@=\count195
\andhelp@=\toks23
\eqnshift@=\dimen157
\alignsep@=\dimen158
\tagshift@=\dimen159
\tagwidth@=\dimen160
\totwidth@=\dimen161
\lineht@=\dimen162
\@envbody=\toks24
\multlinegap=\skip59
\multlinetaggap=\skip60
\mathdisplay@stack=\toks25
LaTeX Info: Redefining \[ on input line 2859.
LaTeX Info: Redefining \] on input line 2860.
)
(/usr/share/texlive/texmf-dist/tex/latex/mathtools/mathtools.sty
Package: mathtools 2020/01/17 v1.23 mathematical typesetting tools

(/usr/share/texlive/texmf-dist/tex/latex/tools/calc.sty
Package: calc 2017/05/25 v4.3 Infix arithmetic (KKT,FJ)
\calc@Acount=\count196
\calc@Bcount=\count197
\calc@Adimen=\dimen163
\calc@Bdimen=\dimen164
\calc@Askip=\skip61
\calc@Bskip=\skip62
LaTeX Info: Redefining \setlength on input line 80.
LaTeX Info: Redefining \addtolength on input line 81.
\calc@Ccount=\count198
\calc@Cskip=\skip63
)
(/usr/share/texlive/texmf-dist/tex/latex/mathtools/mhsetup.sty
Package: mhsetup 2017/03/31 v1.3 programming setup (MH)
)
LaTeX Info: Thecontrolsequence`\('isalreadyrobust on input line 129.
LaTeX Info: Thecontrolsequence`\)'isalreadyrobust on input line 129.
LaTeX Info: Thecontrolsequence`\['isalreadyrobust on input line 129.
LaTeX Info: Thecontrolsequence`\]'isalreadyrobust on input line 129.
\g_MT_multlinerow_int=\count199
\l_MT_multwidth_dim=\dimen165
\origjot=\skip64
\l_MT_shortvdotswithinadjustabove_dim=\dimen166
\l_MT_shortvdotswithinadjustbelow_dim=\dimen167
\l_MT_above_intertext_sep=\dimen168
\l_MT_below_intertext_sep=\dimen169
\l_MT_above_shortintertext_sep=\dimen170
\l_MT_below_shortintertext_sep=\dimen171
)
(/usr/share/texlive/texmf-dist/tex/latex/esvect/esvect.sty
Package: esvect 
\symesvector=\mathgroup4
)
(/usr/share/texlive/texmf-dist/tex/latex/amsfonts/amssymb.sty
Package: amssymb 2013/01/14 v3.01 AMS font symbols

(/usr/share/texlive/texmf-dist/tex/latex/amsfonts/amsfonts.sty
Package: amsfonts 2013/01/14 v3.01 Basic AMSFonts support
\symAMSa=\mathgroup5
\symAMSb=\mathgroup6
LaTeX Font Info:    Redeclaring math symbol \hbar on input line 98.
LaTeX Font Info:    Overwriting math alphabet `\mathfrak' in version `bold'
(Font)                  U/euf/m/n --> U/euf/b/n on input line 106.
))
(/usr/share/texlive/texmf-dist/tex/latex/amscls/amsthm.sty
Package: amsthm 2017/10/31 v2.20.4
\thm@style=\toks26
\thm@bodyfont=\toks27
\thm@headfont=\toks28
\thm@notefont=\toks29
\thm@headpunct=\toks30
\thm@preskip=\skip65
\thm@postskip=\skip66
\thm@headsep=\skip67
\dth@everypar=\toks31
)
(/usr/share/texlive/texmf-dist/tex/latex/xcolor/xcolor.sty
Package: xcolor 2016/05/11 v2.12 LaTeX color extensions (UK)

(/usr/share/texlive/texmf-dist/tex/latex/graphics-cfg/color.cfg
File: color.cfg 2016/01/02 v1.6 sample color configuration
)
Package xcolor Info: Driver file: pdftex.def on input line 225.
Package xcolor Info: Model `cmy' substituted by `cmy0' on input line 1348.
Package xcolor Info: Model `hsb' substituted by `rgb' on input line 1352.
Package xcolor Info: Model `RGB' extended on input line 1364.
Package xcolor Info: Model `HTML' substituted by `rgb' on input line 1366.
Package xcolor Info: Model `Hsb' substituted by `hsb' on input line 1367.
Package xcolor Info: Model `tHsb' substituted by `hsb' on input line 1368.
Package xcolor Info: Model `HSB' substituted by `hsb' on input line 1369.
Package xcolor Info: Model `Gray' substituted by `gray' on input line 1370.
Package xcolor Info: Model `wave' substituted by `hsb' on input line 1371.
)
(/usr/share/texlive/texmf-dist/tex/latex/mathtools/empheq.sty
Package: empheq 2017/03/31 v2.15 Emphasizing equations
\l_EQ_equationtype_int=\count266
\l_EQ_alignmentmode_int=\count267
\l_EQ_totalwidth_dim=\dimen172
\l_EQ_displaywidth_dim=\dimen173
\l_EQ_temp_linewidth_dim=\dimen174
\EmphEqdelimitershortfall=\dimen175
\EmphEqdelimiterfactor=\count268
\g_EQ_toptag_height_dim=\dimen176
\g_EQ_bottomtag_depth_dim=\dimen177
\g_EQ_toprow_height_dim=\dimen178
\g_EQ_bottomrow_depth_dim=\dimen179
\g_EQ_widesttag_dim=\dimen180
\EQ_mathdisplay_box=\box50
\EQ_tag_box=\box51
\g_EQ_temprow_int=\count269
)
(/usr/share/texlive/texmf-dist/tex/latex/tcolorbox/tcolorbox.sty
Package: tcolorbox 2019/11/15 version 4.22 text color boxes

(/usr/share/texlive/texmf-dist/tex/latex/pgf/basiclayer/pgf.sty
(/usr/share/texlive/texmf-dist/tex/latex/pgf/utilities/pgfrcs.sty
(/usr/share/texlive/texmf-dist/tex/generic/pgf/utilities/pgfutil-common.tex
\pgfutil@everybye=\toks32
\pgfutil@tempdima=\dimen181
\pgfutil@tempdimb=\dimen182

(/usr/share/texlive/texmf-dist/tex/generic/pgf/utilities/pgfutil-common-lists.t
ex)) (/usr/share/texlive/texmf-dist/tex/generic/pgf/utilities/pgfutil-latex.def
\pgfutil@abb=\box52
(/usr/share/texlive/texmf-dist/tex/latex/ms/everyshi.sty
Package: everyshi 2001/05/15 v3.00 EveryShipout Package (MS)
))
(/usr/share/texlive/texmf-dist/tex/generic/pgf/utilities/pgfrcs.code.tex
(/usr/share/texlive/texmf-dist/tex/generic/pgf/pgf.revision.tex)
Package: pgfrcs 2020/01/08 v3.1.5b (3.1.5b)
))
Package: pgf 2020/01/08 v3.1.5b (3.1.5b)

(/usr/share/texlive/texmf-dist/tex/latex/pgf/basiclayer/pgfcore.sty
(/usr/share/texlive/texmf-dist/tex/latex/pgf/systemlayer/pgfsys.sty
(/usr/share/texlive/texmf-dist/tex/generic/pgf/systemlayer/pgfsys.code.tex
Package: pgfsys 2020/01/08 v3.1.5b (3.1.5b)

(/usr/share/texlive/texmf-dist/tex/generic/pgf/utilities/pgfkeys.code.tex
\pgfkeys@pathtoks=\toks33
\pgfkeys@temptoks=\toks34

(/usr/share/texlive/texmf-dist/tex/generic/pgf/utilities/pgfkeysfiltered.code.t
ex
\pgfkeys@tmptoks=\toks35
))
\pgf@x=\dimen183
\pgf@y=\dimen184
\pgf@xa=\dimen185
\pgf@ya=\dimen186
\pgf@xb=\dimen187
\pgf@yb=\dimen188
\pgf@xc=\dimen189
\pgf@yc=\dimen190
\pgf@xd=\dimen191
\pgf@yd=\dimen192
\w@pgf@writea=\write3
\r@pgf@reada=\read2
\c@pgf@counta=\count270
\c@pgf@countb=\count271
\c@pgf@countc=\count272
\c@pgf@countd=\count273
\t@pgf@toka=\toks36
\t@pgf@tokb=\toks37
\t@pgf@tokc=\toks38
\pgf@sys@id@count=\count274
 (/usr/share/texlive/texmf-dist/tex/generic/pgf/systemlayer/pgf.cfg
File: pgf.cfg 2020/01/08 v3.1.5b (3.1.5b)
)
Driver file for pgf: pgfsys-pdftex.def

(/usr/share/texlive/texmf-dist/tex/generic/pgf/systemlayer/pgfsys-pdftex.def
File: pgfsys-pdftex.def 2020/01/08 v3.1.5b (3.1.5b)

(/usr/share/texlive/texmf-dist/tex/generic/pgf/systemlayer/pgfsys-common-pdf.de
f
File: pgfsys-common-pdf.def 2020/01/08 v3.1.5b (3.1.5b)
)))
(/usr/share/texlive/texmf-dist/tex/generic/pgf/systemlayer/pgfsyssoftpath.code.
tex
File: pgfsyssoftpath.code.tex 2020/01/08 v3.1.5b (3.1.5b)
\pgfsyssoftpath@smallbuffer@items=\count275
\pgfsyssoftpath@bigbuffer@items=\count276
)
(/usr/share/texlive/texmf-dist/tex/generic/pgf/systemlayer/pgfsysprotocol.code.
tex
File: pgfsysprotocol.code.tex 2020/01/08 v3.1.5b (3.1.5b)
))
(/usr/share/texlive/texmf-dist/tex/generic/pgf/basiclayer/pgfcore.code.tex
Package: pgfcore 2020/01/08 v3.1.5b (3.1.5b)

(/usr/share/texlive/texmf-dist/tex/generic/pgf/math/pgfmath.code.tex
(/usr/share/texlive/texmf-dist/tex/generic/pgf/math/pgfmathcalc.code.tex
(/usr/share/texlive/texmf-dist/tex/generic/pgf/math/pgfmathutil.code.tex)
(/usr/share/texlive/texmf-dist/tex/generic/pgf/math/pgfmathparser.code.tex
\pgfmath@dimen=\dimen193
\pgfmath@count=\count277
\pgfmath@box=\box53
\pgfmath@toks=\toks39
\pgfmath@stack@operand=\toks40
\pgfmath@stack@operation=\toks41
)
(/usr/share/texlive/texmf-dist/tex/generic/pgf/math/pgfmathfunctions.code.tex
(/usr/share/texlive/texmf-dist/tex/generic/pgf/math/pgfmathfunctions.basic.code
.tex)
(/usr/share/texlive/texmf-dist/tex/generic/pgf/math/pgfmathfunctions.trigonomet
ric.code.tex)
(/usr/share/texlive/texmf-dist/tex/generic/pgf/math/pgfmathfunctions.random.cod
e.tex)
(/usr/share/texlive/texmf-dist/tex/generic/pgf/math/pgfmathfunctions.comparison
.code.tex)
(/usr/share/texlive/texmf-dist/tex/generic/pgf/math/pgfmathfunctions.base.code.
tex)
(/usr/share/texlive/texmf-dist/tex/generic/pgf/math/pgfmathfunctions.round.code
.tex)
(/usr/share/texlive/texmf-dist/tex/generic/pgf/math/pgfmathfunctions.misc.code.
tex)
(/usr/share/texlive/texmf-dist/tex/generic/pgf/math/pgfmathfunctions.integerari
thmetics.code.tex)))
(/usr/share/texlive/texmf-dist/tex/generic/pgf/math/pgfmathfloat.code.tex
\c@pgfmathroundto@lastzeros=\count278
))
(/usr/share/texlive/texmf-dist/tex/generic/pgf/math/pgfint.code.tex)
(/usr/share/texlive/texmf-dist/tex/generic/pgf/basiclayer/pgfcorepoints.code.te
x
File: pgfcorepoints.code.tex 2020/01/08 v3.1.5b (3.1.5b)
\pgf@picminx=\dimen194
\pgf@picmaxx=\dimen195
\pgf@picminy=\dimen196
\pgf@picmaxy=\dimen197
\pgf@pathminx=\dimen198
\pgf@pathmaxx=\dimen199
\pgf@pathminy=\dimen256
\pgf@pathmaxy=\dimen257
\pgf@xx=\dimen258
\pgf@xy=\dimen259
\pgf@yx=\dimen260
\pgf@yy=\dimen261
\pgf@zx=\dimen262
\pgf@zy=\dimen263
)
(/usr/share/texlive/texmf-dist/tex/generic/pgf/basiclayer/pgfcorepathconstruct.
code.tex
File: pgfcorepathconstruct.code.tex 2020/01/08 v3.1.5b (3.1.5b)
\pgf@path@lastx=\dimen264
\pgf@path@lasty=\dimen265
)
(/usr/share/texlive/texmf-dist/tex/generic/pgf/basiclayer/pgfcorepathusage.code
.tex
File: pgfcorepathusage.code.tex 2020/01/08 v3.1.5b (3.1.5b)
\pgf@shorten@end@additional=\dimen266
\pgf@shorten@start@additional=\dimen267
)
(/usr/share/texlive/texmf-dist/tex/generic/pgf/basiclayer/pgfcorescopes.code.te
x
File: pgfcorescopes.code.tex 2020/01/08 v3.1.5b (3.1.5b)
\pgfpic=\box54
\pgf@hbox=\box55
\pgf@layerbox@main=\box56
\pgf@picture@serial@count=\count279
)
(/usr/share/texlive/texmf-dist/tex/generic/pgf/basiclayer/pgfcoregraphicstate.c
ode.tex
File: pgfcoregraphicstate.code.tex 2020/01/08 v3.1.5b (3.1.5b)
\pgflinewidth=\dimen268
)
(/usr/share/texlive/texmf-dist/tex/generic/pgf/basiclayer/pgfcoretransformation
s.code.tex
File: pgfcoretransformations.code.tex 2020/01/08 v3.1.5b (3.1.5b)
\pgf@pt@x=\dimen269
\pgf@pt@y=\dimen270
\pgf@pt@temp=\dimen271
)
(/usr/share/texlive/texmf-dist/tex/generic/pgf/basiclayer/pgfcorequick.code.tex
File: pgfcorequick.code.tex 2020/01/08 v3.1.5b (3.1.5b)
)
(/usr/share/texlive/texmf-dist/tex/generic/pgf/basiclayer/pgfcoreobjects.code.t
ex
File: pgfcoreobjects.code.tex 2020/01/08 v3.1.5b (3.1.5b)
)
(/usr/share/texlive/texmf-dist/tex/generic/pgf/basiclayer/pgfcorepathprocessing
.code.tex
File: pgfcorepathprocessing.code.tex 2020/01/08 v3.1.5b (3.1.5b)
)
(/usr/share/texlive/texmf-dist/tex/generic/pgf/basiclayer/pgfcorearrows.code.te
x
File: pgfcorearrows.code.tex 2020/01/08 v3.1.5b (3.1.5b)
\pgfarrowsep=\dimen272
)
(/usr/share/texlive/texmf-dist/tex/generic/pgf/basiclayer/pgfcoreshade.code.tex
File: pgfcoreshade.code.tex 2020/01/08 v3.1.5b (3.1.5b)
\pgf@max=\dimen273
\pgf@sys@shading@range@num=\count280
\pgf@shadingcount=\count281
)
(/usr/share/texlive/texmf-dist/tex/generic/pgf/basiclayer/pgfcoreimage.code.tex
File: pgfcoreimage.code.tex 2020/01/08 v3.1.5b (3.1.5b)

(/usr/share/texlive/texmf-dist/tex/generic/pgf/basiclayer/pgfcoreexternal.code.
tex
File: pgfcoreexternal.code.tex 2020/01/08 v3.1.5b (3.1.5b)
\pgfexternal@startupbox=\box57
))
(/usr/share/texlive/texmf-dist/tex/generic/pgf/basiclayer/pgfcorelayers.code.te
x
File: pgfcorelayers.code.tex 2020/01/08 v3.1.5b (3.1.5b)
)
(/usr/share/texlive/texmf-dist/tex/generic/pgf/basiclayer/pgfcoretransparency.c
ode.tex
File: pgfcoretransparency.code.tex 2020/01/08 v3.1.5b (3.1.5b)
)
(/usr/share/texlive/texmf-dist/tex/generic/pgf/basiclayer/pgfcorepatterns.code.
tex
File: pgfcorepatterns.code.tex 2020/01/08 v3.1.5b (3.1.5b)
)
(/usr/share/texlive/texmf-dist/tex/generic/pgf/basiclayer/pgfcorerdf.code.tex
File: pgfcorerdf.code.tex 2020/01/08 v3.1.5b (3.1.5b)
)))
(/usr/share/texlive/texmf-dist/tex/generic/pgf/modules/pgfmoduleshapes.code.tex
File: pgfmoduleshapes.code.tex 2020/01/08 v3.1.5b (3.1.5b)
\pgfnodeparttextbox=\box58
) (/usr/share/texlive/texmf-dist/tex/generic/pgf/modules/pgfmoduleplot.code.tex
File: pgfmoduleplot.code.tex 2020/01/08 v3.1.5b (3.1.5b)
)
(/usr/share/texlive/texmf-dist/tex/latex/pgf/compatibility/pgfcomp-version-0-65
.sty
Package: pgfcomp-version-0-65 2020/01/08 v3.1.5b (3.1.5b)
\pgf@nodesepstart=\dimen274
\pgf@nodesepend=\dimen275
)
(/usr/share/texlive/texmf-dist/tex/latex/pgf/compatibility/pgfcomp-version-1-18
.sty
Package: pgfcomp-version-1-18 2020/01/08 v3.1.5b (3.1.5b)
)) (/usr/share/texlive/texmf-dist/tex/latex/tools/verbatim.sty
Package: verbatim 2019/11/10 v1.5r LaTeX2e package for verbatim enhancements
\every@verbatim=\toks42
\verbatim@line=\toks43
\verbatim@in@stream=\read3
)
(/usr/share/texlive/texmf-dist/tex/latex/environ/environ.sty
Package: environ 2014/05/04 v0.3 A new way to define environments

(/usr/share/texlive/texmf-dist/tex/latex/trimspaces/trimspaces.sty
Package: trimspaces 2009/09/17 v1.1 Trim spaces around a token list
))
(/usr/share/texlive/texmf-dist/tex/latex/etoolbox/etoolbox.sty
Package: etoolbox 2019/09/21 v2.5h e-TeX tools for LaTeX (JAW)
\etb@tempcnta=\count282
)
\tcb@titlebox=\box59
\tcb@upperbox=\box60
\tcb@lowerbox=\box61
\tcb@phantombox=\box62
\c@tcbbreakpart=\count283
\c@tcblayer=\count284
\tcolorbox@number=\count285
\tcb@temp=\box63
\tcb@temp=\box64
\tcb@temp=\box65
\tcb@temp=\box66
\tcb@out=\write4
\tcb@record@out=\write5

(/usr/share/texlive/texmf-dist/tex/latex/tcolorbox/tcbraster.code.tex
Library (tcolorbox): 'tcbraster.code.tex' version '4.22'
\c@tcbrastercolumn=\count286
\c@tcbrasterrow=\count287
\c@tcbraster=\count288
) (/usr/share/texlive/texmf-dist/tex/latex/tcolorbox/tcbskins.code.tex
Library (tcolorbox): 'tcbskins.code.tex' version '4.22'
(/usr/share/texlive/texmf-dist/tex/latex/pgf/frontendlayer/tikz.sty
(/usr/share/texlive/texmf-dist/tex/latex/pgf/utilities/pgffor.sty
(/usr/share/texlive/texmf-dist/tex/latex/pgf/utilities/pgfkeys.sty
(/usr/share/texlive/texmf-dist/tex/generic/pgf/utilities/pgfkeys.code.tex))
(/usr/share/texlive/texmf-dist/tex/latex/pgf/math/pgfmath.sty
(/usr/share/texlive/texmf-dist/tex/generic/pgf/math/pgfmath.code.tex))
(/usr/share/texlive/texmf-dist/tex/generic/pgf/utilities/pgffor.code.tex
Package: pgffor 2020/01/08 v3.1.5b (3.1.5b)

(/usr/share/texlive/texmf-dist/tex/generic/pgf/math/pgfmath.code.tex)
\pgffor@iter=\dimen276
\pgffor@skip=\dimen277
\pgffor@stack=\toks44
\pgffor@toks=\toks45
))
(/usr/share/texlive/texmf-dist/tex/generic/pgf/frontendlayer/tikz/tikz.code.tex
Package: tikz 2020/01/08 v3.1.5b (3.1.5b)

(/usr/share/texlive/texmf-dist/tex/generic/pgf/libraries/pgflibraryplothandlers
.code.tex
File: pgflibraryplothandlers.code.tex 2020/01/08 v3.1.5b (3.1.5b)
\pgf@plot@mark@count=\count289
\pgfplotmarksize=\dimen278
)
\tikz@lastx=\dimen279
\tikz@lasty=\dimen280
\tikz@lastxsaved=\dimen281
\tikz@lastysaved=\dimen282
\tikz@lastmovetox=\dimen283
\tikz@lastmovetoy=\dimen284
\tikzleveldistance=\dimen285
\tikzsiblingdistance=\dimen286
\tikz@figbox=\box67
\tikz@figbox@bg=\box68
\tikz@tempbox=\box69
\tikz@tempbox@bg=\box70
\tikztreelevel=\count290
\tikznumberofchildren=\count291
\tikznumberofcurrentchild=\count292
\tikz@fig@count=\count293

(/usr/share/texlive/texmf-dist/tex/generic/pgf/modules/pgfmodulematrix.code.tex
File: pgfmodulematrix.code.tex 2020/01/08 v3.1.5b (3.1.5b)
\pgfmatrixcurrentrow=\count294
\pgfmatrixcurrentcolumn=\count295
\pgf@matrix@numberofcolumns=\count296
)
\tikz@expandcount=\count297

(/usr/share/texlive/texmf-dist/tex/generic/pgf/frontendlayer/tikz/libraries/tik
zlibrarytopaths.code.tex
File: tikzlibrarytopaths.code.tex 2020/01/08 v3.1.5b (3.1.5b)
)))
\tcb@waterbox=\box71

(/usr/share/texlive/texmf-dist/tex/latex/tcolorbox/tcbskinsjigsaw.code.tex
Library (tcolorbox): 'tcbskinsjigsaw.code.tex' version '4.22'
)) (/usr/share/texlive/texmf-dist/tex/latex/tcolorbox/tcbbreakable.code.tex
Library (tcolorbox): 'tcbbreakable.code.tex' version '4.22'
\tcb@testbox=\box72
\tcb@totalupperbox=\box73
\tcb@totallowerbox=\box74
) (/usr/share/texlive/texmf-dist/tex/latex/tcolorbox/tcbhooks.code.tex
Library (tcolorbox): 'tcbhooks.code.tex' version '4.22'
) (/usr/share/texlive/texmf-dist/tex/latex/tcolorbox/tcbtheorems.code.tex
Library (tcolorbox): 'tcbtheorems.code.tex' version '4.22'
) (/usr/share/texlive/texmf-dist/tex/latex/tcolorbox/tcbfitting.code.tex
Library (tcolorbox): 'tcbfitting.code.tex' version '4.22'
\tcbfitdim=\dimen287
\tcb@lowerfitdim=\dimen288
\tcb@upperfitdim=\dimen289
\tcb@cur@hbadness=\count298
) (/usr/share/texlive/texmf-dist/tex/latex/tcolorbox/tcbxparse.code.tex
Library (tcolorbox): 'tcbxparse.code.tex' version '4.22'
(/usr/share/texlive/texmf-dist/tex/latex/l3packages/xparse/xparse.sty
(/usr/share/texlive/texmf-dist/tex/latex/l3kernel/expl3.sty
Package: expl3 2020-02-14 L3 programming layer (loader) 

(/usr/share/texlive/texmf-dist/tex/latex/l3backend/l3backend-pdfmode.def
File: l3backend-pdfmode.def 2020-02-03 L3 backend support: PDF mode
\l__kernel_color_stack_int=\count299
\l__pdf_internal_box=\box75
))
Package: xparse 2020-02-14 L3 Experimental document command parser
\l__xparse_current_arg_int=\count300
\g__xparse_grabber_int=\count301
\l__xparse_m_args_int=\count302
\l__xparse_v_nesting_int=\count303
))
(/usr/share/texlive/texmf-dist/tex/latex/tcolorbox/tcblistingsutf8.code.tex
Library (tcolorbox): 'tcblistingsutf8.code.tex' version '4.22'
(/usr/share/texlive/texmf-dist/tex/latex/listingsutf8/listingsutf8.sty
Package: listingsutf8 2019-12-10 v1.5 Allow UTF-8 in listings input (HO)

(/usr/share/texlive/texmf-dist/tex/latex/listings/listings.sty
\lst@mode=\count304
\lst@gtempboxa=\box76
\lst@token=\toks46
\lst@length=\count305
\lst@currlwidth=\dimen290
\lst@column=\count306
\lst@pos=\count307
\lst@lostspace=\dimen291
\lst@width=\dimen292
\lst@newlines=\count308
\lst@lineno=\count309
\lst@maxwidth=\dimen293

(/usr/share/texlive/texmf-dist/tex/latex/listings/lstmisc.sty
File: lstmisc.sty 2019/09/10 1.8c (Carsten Heinz)
\c@lstnumber=\count310
\lst@skipnumbers=\count311
\lst@framebox=\box77
)
(/usr/share/texlive/texmf-dist/tex/latex/listings/listings.cfg
File: listings.cfg 2019/09/10 1.8c listings configuration
))
Package: listings 2019/09/10 1.8c (Carsten Heinz)

(/usr/share/texlive/texmf-dist/tex/latex/pdftexcmds/pdftexcmds.sty
Package: pdftexcmds 2019/11/24 v0.31 Utility functions of pdfTeX for LuaTeX (HO
)

(/usr/share/texlive/texmf-dist/tex/generic/infwarerr/infwarerr.sty
Package: infwarerr 2019/12/03 v1.5 Providing info/warning/error messages (HO)
)
(/usr/share/texlive/texmf-dist/tex/generic/ltxcmds/ltxcmds.sty
Package: ltxcmds 2019/12/15 v1.24 LaTeX kernel commands for general use (HO)
)
Package pdftexcmds Info: \pdf@primitive is available.
Package pdftexcmds Info: \pdf@ifprimitive is available.
Package pdftexcmds Info: \pdfdraftmode found.
)
(/usr/share/texlive/texmf-dist/tex/generic/stringenc/stringenc.sty
Package: stringenc 2019/11/29 v1.12 Convert strings between diff. encodings (HO
)

(/usr/share/texlive/texmf-dist/tex/generic/pdfescape/pdfescape.sty
Package: pdfescape 2019/12/09 v1.15 Implements pdfTeX's escape features (HO)
)))
(/usr/share/texlive/texmf-dist/tex/latex/tcolorbox/tcblistings.code.tex
Library (tcolorbox): 'tcblistings.code.tex' version '4.22'
(/usr/share/texlive/texmf-dist/tex/latex/tcolorbox/tcblistingscore.code.tex
Library (tcolorbox): 'tcblistingscore.code.tex' version '4.22'
(/usr/share/texlive/texmf-dist/tex/latex/tcolorbox/tcbprocessing.code.tex
Library (tcolorbox): 'tcbprocessing.code.tex' version '4.22'
(/usr/share/texlive/texmf-dist/tex/latex/tools/shellesc.sty
Package: shellesc 2019/11/08 v1.0c unified shell escape interface for LaTeX
Package shellesc Info: Restricted shell escape enabled on input line 77.
))
\c@tcblisting=\count312
)))
(/usr/share/texlive/texmf-dist/tex/latex/tcolorbox/tcbexternal.code.tex
Library (tcolorbox): 'tcbexternal.code.tex' version '4.22'
) (/usr/share/texlive/texmf-dist/tex/latex/tcolorbox/tcbmagazine.code.tex
Library (tcolorbox): 'tcbmagazine.code.tex' version '4.22'
) (/usr/share/texlive/texmf-dist/tex/latex/tcolorbox/tcbvignette.code.tex
Library (tcolorbox): 'tcbvignette.code.tex' version '4.22'

(/usr/share/texlive/texmf-dist/tex/generic/pgf/frontendlayer/tikz/libraries/tik
zlibraryfadings.code.tex
File: tikzlibraryfadings.code.tex 2020/01/08 v3.1.5b (3.1.5b)

(/usr/share/texlive/texmf-dist/tex/generic/pgf/libraries/pgflibraryfadings.code
.tex
File: pgflibraryfadings.code.tex 2020/01/08 v3.1.5b (3.1.5b)
))) (/usr/share/texlive/texmf-dist/tex/latex/tcolorbox/tcbposter.code.tex
Library (tcolorbox): 'tcbposter.code.tex' version '4.22'
)) (/usr/share/texlive/texmf-dist/tex/latex/hyperref/hyperref.sty
Package: hyperref 2020/01/14 v7.00d Hypertext links for LaTeX

(/usr/share/texlive/texmf-dist/tex/generic/kvsetkeys/kvsetkeys.sty
Package: kvsetkeys 2019/12/15 v1.18 Key value parser (HO)
)
(/usr/share/texlive/texmf-dist/tex/generic/kvdefinekeys/kvdefinekeys.sty
Package: kvdefinekeys 2019-12-19 v1.6 Define keys (HO)
)
(/usr/share/texlive/texmf-dist/tex/latex/hycolor/hycolor.sty
Package: hycolor 2020-01-27 v1.10 Color options for hyperref/bookmark (HO)
)
(/usr/share/texlive/texmf-dist/tex/latex/letltxmacro/letltxmacro.sty
Package: letltxmacro 2019/12/03 v1.6 Let assignment for LaTeX macros (HO)
)
(/usr/share/texlive/texmf-dist/tex/latex/auxhook/auxhook.sty
Package: auxhook 2019-12-17 v1.6 Hooks for auxiliary files (HO)
)
(/usr/share/texlive/texmf-dist/tex/latex/kvoptions/kvoptions.sty
Package: kvoptions 2019/11/29 v3.13 Key value format for package options (HO)
)
\@linkdim=\dimen294
\Hy@linkcounter=\count313
\Hy@pagecounter=\count314

(/usr/share/texlive/texmf-dist/tex/latex/hyperref/pd1enc.def
File: pd1enc.def 2020/01/14 v7.00d Hyperref: PDFDocEncoding definition (HO)
Now handling font encoding PD1 ...
... no UTF-8 mapping file for font encoding PD1
)
(/usr/share/texlive/texmf-dist/tex/generic/intcalc/intcalc.sty
Package: intcalc 2019/12/15 v1.3 Expandable calculations with integers (HO)
)
(/usr/share/texlive/texmf-dist/tex/generic/etexcmds/etexcmds.sty
Package: etexcmds 2019/12/15 v1.7 Avoid name clashes with e-TeX commands (HO)
)
\Hy@SavedSpaceFactor=\count315
\pdfmajorversion=\count316
Package hyperref Info: Hyper figures OFF on input line 4547.
Package hyperref Info: Link nesting OFF on input line 4552.
Package hyperref Info: Hyper index ON on input line 4555.
Package hyperref Info: Plain pages OFF on input line 4562.
Package hyperref Info: Backreferencing OFF on input line 4567.
Package hyperref Info: Implicit mode ON; LaTeX internals redefined.
Package hyperref Info: Bookmarks ON on input line 4800.
\c@Hy@tempcnt=\count317

(/usr/share/texlive/texmf-dist/tex/latex/url/url.sty
\Urlmuskip=\muskip17
Package: url 2013/09/16  ver 3.4  Verb mode for urls, etc.
)
LaTeX Info: Redefining \url on input line 5159.
\XeTeXLinkMargin=\dimen295

(/usr/share/texlive/texmf-dist/tex/generic/bitset/bitset.sty
Package: bitset 2019/12/09 v1.3 Handle bit-vector datatype (HO)

(/usr/share/texlive/texmf-dist/tex/generic/bigintcalc/bigintcalc.sty
Package: bigintcalc 2019/12/15 v1.5 Expandable calculations on big integers (HO
)
))
\Fld@menulength=\count318
\Field@Width=\dimen296
\Fld@charsize=\dimen297
Package hyperref Info: Hyper figures OFF on input line 6430.
Package hyperref Info: Link nesting OFF on input line 6435.
Package hyperref Info: Hyper index ON on input line 6438.
Package hyperref Info: backreferencing OFF on input line 6445.
Package hyperref Info: Link coloring OFF on input line 6450.
Package hyperref Info: Link coloring with OCG OFF on input line 6455.
Package hyperref Info: PDF/A mode OFF on input line 6460.
LaTeX Info: Redefining \ref on input line 6500.
LaTeX Info: Redefining \pageref on input line 6504.

(/usr/share/texlive/texmf-dist/tex/generic/atbegshi/atbegshi.sty
Package: atbegshi 2019/12/05 v1.19 At begin shipout hook (HO)
)
\Hy@abspage=\count319
\c@Item=\count320
\c@Hfootnote=\count321
)
Package hyperref Info: Driver (autodetected): hpdftex.

(/usr/share/texlive/texmf-dist/tex/latex/hyperref/hpdftex.def
File: hpdftex.def 2020/01/14 v7.00d Hyperref driver for pdfTeX

(/usr/share/texlive/texmf-dist/tex/latex/atveryend/atveryend.sty
Package: atveryend 2019-12-11 v1.11 Hooks at the very end of document (HO)
)
\Fld@listcount=\count322
\c@bookmark@seq@number=\count323

(/usr/share/texlive/texmf-dist/tex/latex/rerunfilecheck/rerunfilecheck.sty
Package: rerunfilecheck 2019/12/05 v1.9 Rerun checks for auxiliary files (HO)

(/usr/share/texlive/texmf-dist/tex/generic/uniquecounter/uniquecounter.sty
Package: uniquecounter 2019/12/15 v1.4 Provide unlimited unique counter (HO)
)
Package uniquecounter Info: New unique counter `rerunfilecheck' on input line 2
86.
)
\Hy@SectionHShift=\skip68
)
Package hyperref Info: Option `colorlinks' set `true' on input line 124.
)
(./main.aux)
\openout1 = `main.aux'.

LaTeX Font Info:    Checking defaults for OML/cmm/m/it on input line 5.
LaTeX Font Info:    ... okay on input line 5.
LaTeX Font Info:    Checking defaults for OMS/cmsy/m/n on input line 5.
LaTeX Font Info:    ... okay on input line 5.
LaTeX Font Info:    Checking defaults for OT1/cmr/m/n on input line 5.
LaTeX Font Info:    ... okay on input line 5.
LaTeX Font Info:    Checking defaults for T1/cmr/m/n on input line 5.
LaTeX Font Info:    ... okay on input line 5.
LaTeX Font Info:    Checking defaults for TS1/cmr/m/n on input line 5.
LaTeX Font Info:    ... okay on input line 5.
LaTeX Font Info:    Checking defaults for OMX/cmex/m/n on input line 5.
LaTeX Font Info:    ... okay on input line 5.
LaTeX Font Info:    Checking defaults for U/cmr/m/n on input line 5.
LaTeX Font Info:    ... okay on input line 5.
LaTeX Font Info:    Checking defaults for PD1/pdf/m/n on input line 5.
LaTeX Font Info:    ... okay on input line 5.

*geometry* driver: auto-detecting
*geometry* detected driver: pdftex
*geometry* verbose mode - [ preamble ] result:
* driver: pdftex
* paper: custom
* layout: <same size as paper>
* layoutoffset:(h,v)=(0.0pt,0.0pt)
* modes: heightrounded 
* h-part:(L,W,R)=(85.35826pt, 512.14961pt, 85.35826pt)
* v-part:(T,H,B)=(85.35826pt, 625.96063pt, 85.35826pt)
* \paperwidth=682.86613pt
* \paperheight=796.67715pt
* \textwidth=512.14961pt
* \textheight=621.0pt
* \oddsidemargin=13.08827pt
* \evensidemargin=13.08827pt
* \topmargin=-23.91173pt
* \headheight=15.0pt
* \headsep=25.0pt
* \topskip=12.0pt
* \footskip=30.0pt
* \marginparwidth=44.0pt
* \marginparsep=10.0pt
* \columnsep=10.0pt
* \skip\footins=10.8pt plus 4.0pt minus 2.0pt
* \hoffset=0.0pt
* \voffset=0.0pt
* \mag=1000
* \@twocolumnfalse
* \@twosidefalse
* \@mparswitchfalse
* \@reversemarginfalse
* (1in=72.27pt=25.4mm, 1cm=28.453pt)

(/usr/share/texlive/texmf-dist/tex/context/base/mkii/supp-pdf.mkii
[Loading MPS to PDF converter (version 2006.09.02).]
\scratchcounter=\count324
\scratchdimen=\dimen298
\scratchbox=\box78
\nofMPsegments=\count325
\nofMParguments=\count326
\everyMPshowfont=\toks47
\MPscratchCnt=\count327
\MPscratchDim=\dimen299
\MPnumerator=\count328
\makeMPintoPDFobject=\count329
\everyMPtoPDFconversion=\toks48
) (/usr/share/texlive/texmf-dist/tex/latex/epstopdf-pkg/epstopdf-base.sty
Package: epstopdf-base 2020-01-24 v2.11 Base part for package epstopdf
Package epstopdf-base Info: Redefining graphics rule for `.eps' on input line 4
85.

(/usr/share/texlive/texmf-dist/tex/latex/latexconfig/epstopdf-sys.cfg
File: epstopdf-sys.cfg 2010/07/13 v1.3 Configuration of (r)epstopdf for TeX Liv
e
))
Package caption Info: Begin \AtBeginDocument code.
Package caption Info: hyperref package is loaded.
Package caption Info: listings package is loaded.
Package caption Info: End \AtBeginDocument code.

ABD: EveryShipout initializing macros
\c@lstlisting=\count330
\AtBeginShipoutBox=\box79
Package hyperref Info: Link coloring ON on input line 5.

(/usr/share/texlive/texmf-dist/tex/latex/hyperref/nameref.sty
Package: nameref 2019/09/16 v2.46 Cross-referencing by name of section

(/usr/share/texlive/texmf-dist/tex/latex/refcount/refcount.sty
Package: refcount 2019/12/15 v3.6 Data extraction from label references (HO)
)
(/usr/share/texlive/texmf-dist/tex/generic/gettitlestring/gettitlestring.sty
Package: gettitlestring 2019/12/15 v1.6 Cleanup title references (HO)
)
\c@section@level=\count331
)
LaTeX Info: Redefining \ref on input line 5.
LaTeX Info: Redefining \pageref on input line 5.
LaTeX Info: Redefining \nameref on input line 5.

(./main.out) (./main.out)
\@outlinefile=\write6
\openout6 = `main.out'.

<images/horizontal_fotografico_com_subtitulo_ingles.pdf, id=75, 1244.89088pt x 
413.58817pt>
File: images/horizontal_fotografico_com_subtitulo_ingles.pdf Graphic file (type
 pdf)
<use images/horizontal_fotografico_com_subtitulo_ingles.pdf>
Package pdftex.def Info: images/horizontal_fotografico_com_subtitulo_ingles.pdf
  used on input line 6.
(pdftex.def)             Requested size: 256.0748pt x 85.0701pt.
 [1

{/var/lib/texmf/fonts/map/pdftex/updmap/pdftex.map} <./images/horizontal_fotogr
afico_com_subtitulo_ingles.pdf>]
(./sections/1.1.tex
LaTeX Font Info:    Trying to load font information for U+esvect on input line 
4.
 (/usr/share/texlive/texmf-dist/tex/latex/esvect/uesvect.fd
File: uesvect.fd 
)
LaTeX Font Info:    Trying to load font information for U+msa on input line 4.
(/usr/share/texlive/texmf-dist/tex/latex/amsfonts/umsa.fd
File: umsa.fd 2013/01/14 v3.01 AMS symbols A
)
LaTeX Font Info:    Trying to load font information for U+msb on input line 4.

(/usr/share/texlive/texmf-dist/tex/latex/amsfonts/umsb.fd
File: umsb.fd 2013/01/14 v3.01 AMS symbols B
)
(/usr/share/texlive/texmf-dist/tex/latex/listings/lstlang1.sty
File: lstlang1.sty 2019/09/10 1.8c listings language file
)
Package epstopdf Info: Source file: <images/act_1.1/ee_position.eps>
(epstopdf)                    date: 2021-10-19 18:41:36
(epstopdf)                    size: 341855 bytes
(epstopdf)             Output file: <images/act_1.1/ee_position-eps-converted-t
o.pdf>
(epstopdf)                    date: 2021-10-19 18:41:39
(epstopdf)                    size: 114425 bytes
(epstopdf)             Command: <repstopdf --outfile=images/act_1.1/ee_position
-eps-converted-to.pdf images/act_1.1/ee_position.eps>
(epstopdf)             \includegraphics on input line 41.
Package epstopdf Info: Output file is already uptodate.
<images/act_1.1/ee_position-eps-converted-to.pdf, id=112, 156.585pt x 498.86375
pt>
File: images/act_1.1/ee_position-eps-converted-to.pdf Graphic file (type pdf)
<use images/act_1.1/ee_position-eps-converted-to.pdf>
Package pdftex.def Info: images/act_1.1/ee_position-eps-converted-to.pdf  used 
on input line 41.
(pdftex.def)             Requested size: 156.58461pt x 498.86253pt.
Package epstopdf Info: Source file: <images/act_1.1/ee_velocity.eps>
(epstopdf)                    date: 2021-10-19 18:41:34
(epstopdf)                    size: 304679 bytes
(epstopdf)             Output file: <images/act_1.1/ee_velocity-eps-converted-t
o.pdf>
(epstopdf)                    date: 2021-10-19 18:41:39
(epstopdf)                    size: 111477 bytes
(epstopdf)             Command: <repstopdf --outfile=images/act_1.1/ee_velocity
-eps-converted-to.pdf images/act_1.1/ee_velocity.eps>
(epstopdf)             \includegraphics on input line 47.
Package epstopdf Info: Output file is already uptodate.
<images/act_1.1/ee_velocity-eps-converted-to.pdf, id=113, 155.58125pt x 498.863
75pt>
File: images/act_1.1/ee_velocity-eps-converted-to.pdf Graphic file (type pdf)
<use images/act_1.1/ee_velocity-eps-converted-to.pdf>
Package pdftex.def Info: images/act_1.1/ee_velocity-eps-converted-to.pdf  used 
on input line 47.
(pdftex.def)             Requested size: 155.58086pt x 498.86253pt.
Package epstopdf Info: Source file: <images/act_1.1/ee_acceleration.eps>
(epstopdf)                    date: 2021-10-19 18:41:33
(epstopdf)                    size: 306006 bytes
(epstopdf)             Output file: <images/act_1.1/ee_acceleration-eps-convert
ed-to.pdf>
(epstopdf)                    date: 2021-10-19 19:14:45
(epstopdf)                    size: 111282 bytes
(epstopdf)             Command: <repstopdf --outfile=images/act_1.1/ee_accelera
tion-eps-converted-to.pdf images/act_1.1/ee_acceleration.eps>
(epstopdf)             \includegraphics on input line 53.
Package epstopdf Info: Output file is already uptodate.
<images/act_1.1/ee_acceleration-eps-converted-to.pdf, id=114, 156.585pt x 498.8
6375pt>
File: images/act_1.1/ee_acceleration-eps-converted-to.pdf Graphic file (type pd
f)
<use images/act_1.1/ee_acceleration-eps-converted-to.pdf>
Package pdftex.def Info: images/act_1.1/ee_acceleration-eps-converted-to.pdf  u
sed on input line 53.
(pdftex.def)             Requested size: 156.58461pt x 498.86253pt.
) [2] [3 <./images/act_1.1/ee_position-eps-converted-to.pdf> <./images/act_1.1/
ee_velocity-eps-converted-to.pdf> <./images/act_1.1/ee_acceleration-eps-convert
ed-to.pdf>]
(./sections/1.2.tex
Package epstopdf Info: Source file: <images/act_1.2/ee_position.eps>
(epstopdf)                    date: 2021-10-20 17:53:32
(epstopdf)                    size: 324045 bytes
(epstopdf)             Output file: <images/act_1.2/ee_position-eps-converted-t
o.pdf>
(epstopdf)                    date: 2021-10-20 17:56:36
(epstopdf)                    size: 99254 bytes
(epstopdf)             Command: <repstopdf --outfile=images/act_1.2/ee_position
-eps-converted-to.pdf images/act_1.2/ee_position.eps>
(epstopdf)             \includegraphics on input line 39.
Package epstopdf Info: Output file is already uptodate.
<images/act_1.2/ee_position-eps-converted-to.pdf, id=168, 156.585pt x 498.86375
pt>
File: images/act_1.2/ee_position-eps-converted-to.pdf Graphic file (type pdf)
<use images/act_1.2/ee_position-eps-converted-to.pdf>
Package pdftex.def Info: images/act_1.2/ee_position-eps-converted-to.pdf  used 
on input line 39.
(pdftex.def)             Requested size: 156.58461pt x 498.86253pt.
Package epstopdf Info: Source file: <images/act_1.2/ee_velocity.eps>
(epstopdf)                    date: 2021-10-20 17:53:33
(epstopdf)                    size: 290486 bytes
(epstopdf)             Output file: <images/act_1.2/ee_velocity-eps-converted-t
o.pdf>
(epstopdf)                    date: 2021-10-20 17:56:37
(epstopdf)                    size: 99408 bytes
(epstopdf)             Command: <repstopdf --outfile=images/act_1.2/ee_velocity
-eps-converted-to.pdf images/act_1.2/ee_velocity.eps>
(epstopdf)             \includegraphics on input line 45.
Package epstopdf Info: Output file is already uptodate.
<images/act_1.2/ee_velocity-eps-converted-to.pdf, id=169, 155.58125pt x 498.863
75pt>
File: images/act_1.2/ee_velocity-eps-converted-to.pdf Graphic file (type pdf)
<use images/act_1.2/ee_velocity-eps-converted-to.pdf>
Package pdftex.def Info: images/act_1.2/ee_velocity-eps-converted-to.pdf  used 
on input line 45.
(pdftex.def)             Requested size: 155.58086pt x 498.86253pt.
Package epstopdf Info: Source file: <images/act_1.2/ee_acceleration.eps>
(epstopdf)                    date: 2021-10-20 17:53:34
(epstopdf)                    size: 290981 bytes
(epstopdf)             Output file: <images/act_1.2/ee_acceleration-eps-convert
ed-to.pdf>
(epstopdf)                    date: 2021-10-20 17:56:37
(epstopdf)                    size: 49539 bytes
(epstopdf)             Command: <repstopdf --outfile=images/act_1.2/ee_accelera
tion-eps-converted-to.pdf images/act_1.2/ee_acceleration.eps>
(epstopdf)             \includegraphics on input line 51.
Package epstopdf Info: Output file is already uptodate.
<images/act_1.2/ee_acceleration-eps-converted-to.pdf, id=170, 156.585pt x 498.8
6375pt>
File: images/act_1.2/ee_acceleration-eps-converted-to.pdf Graphic file (type pd
f)
<use images/act_1.2/ee_acceleration-eps-converted-to.pdf>
Package pdftex.def Info: images/act_1.2/ee_acceleration-eps-converted-to.pdf  u
sed on input line 51.
(pdftex.def)             Requested size: 156.58461pt x 498.86253pt.
) [4] [5 <./images/act_1.2/ee_position-eps-converted-to.pdf> <./images/act_1.2/
ee_velocity-eps-converted-to.pdf> <./images/act_1.2/ee_acceleration-eps-convert
ed-to.pdf>] (./sections/1.3.tex [6] [7] [8]
Package epstopdf Info: Source file: <images/act_1.3/ee_position.eps>
(epstopdf)                    date: 2021-10-20 11:13:31
(epstopdf)                    size: 604753 bytes
(epstopdf)             Output file: <images/act_1.3/ee_position-eps-converted-t
o.pdf>
(epstopdf)                    date: 2021-10-20 11:13:56
(epstopdf)                    size: 213696 bytes
(epstopdf)             Command: <repstopdf --outfile=images/act_1.3/ee_position
-eps-converted-to.pdf images/act_1.3/ee_position.eps>
(epstopdf)             \includegraphics on input line 192.
Package epstopdf Info: Output file is already uptodate.
<images/act_1.3/ee_position-eps-converted-to.pdf, id=366, 156.585pt x 494.84875
pt>
File: images/act_1.3/ee_position-eps-converted-to.pdf Graphic file (type pdf)
<use images/act_1.3/ee_position-eps-converted-to.pdf>
Package pdftex.def Info: images/act_1.3/ee_position-eps-converted-to.pdf  used 
on input line 192.
(pdftex.def)             Requested size: 156.58461pt x 494.84755pt.
Package epstopdf Info: Source file: <images/act_1.3/ee_velocity.eps>
(epstopdf)                    date: 2021-10-20 11:13:32
(epstopdf)                    size: 610288 bytes
(epstopdf)             Output file: <images/act_1.3/ee_velocity-eps-converted-t
o.pdf>
(epstopdf)                    date: 2021-10-20 11:13:57
(epstopdf)                    size: 215361 bytes
(epstopdf)             Command: <repstopdf --outfile=images/act_1.3/ee_velocity
-eps-converted-to.pdf images/act_1.3/ee_velocity.eps>
(epstopdf)             \includegraphics on input line 196.
Package epstopdf Info: Output file is already uptodate.
<images/act_1.3/ee_velocity-eps-converted-to.pdf, id=367, 166.6225pt x 524.9612
4pt>
File: images/act_1.3/ee_velocity-eps-converted-to.pdf Graphic file (type pdf)
<use images/act_1.3/ee_velocity-eps-converted-to.pdf>
Package pdftex.def Info: images/act_1.3/ee_velocity-eps-converted-to.pdf  used 
on input line 196.
(pdftex.def)             Requested size: 166.62209pt x 524.95996pt.
Package epstopdf Info: Source file: <images/act_1.3/ee_acceleration.eps>
(epstopdf)                    date: 2021-10-20 11:13:33
(epstopdf)                    size: 552680 bytes
(epstopdf)             Output file: <images/act_1.3/ee_acceleration-eps-convert
ed-to.pdf>
(epstopdf)                    date: 2021-10-20 11:13:58
(epstopdf)                    size: 197413 bytes
(epstopdf)             Command: <repstopdf --outfile=images/act_1.3/ee_accelera
tion-eps-converted-to.pdf images/act_1.3/ee_acceleration.eps>
(epstopdf)             \includegraphics on input line 200.
Package epstopdf Info: Output file is already uptodate.
<images/act_1.3/ee_acceleration-eps-converted-to.pdf, id=368, 156.585pt x 498.8
6375pt>
File: images/act_1.3/ee_acceleration-eps-converted-to.pdf Graphic file (type pd
f)
<use images/act_1.3/ee_acceleration-eps-converted-to.pdf>
Package pdftex.def Info: images/act_1.3/ee_acceleration-eps-converted-to.pdf  u
sed on input line 200.
(pdftex.def)             Requested size: 156.58461pt x 498.86253pt.
Package epstopdf Info: Source file: <images/act_1.3/joint_position.eps>
(epstopdf)                    date: 2021-10-20 11:13:35
(epstopdf)                    size: 1180815 bytes
(epstopdf)             Output file: <images/act_1.3/joint_position-eps-converte
d-to.pdf>
(epstopdf)                    date: 2021-10-20 11:13:59
(epstopdf)                    size: 424317 bytes
(epstopdf)             Command: <repstopdf --outfile=images/act_1.3/joint_posit
ion-eps-converted-to.pdf images/act_1.3/joint_position.eps>
(epstopdf)             \includegraphics on input line 207.
Package epstopdf Info: Output file is already uptodate.
<images/act_1.3/joint_position-eps-converted-to.pdf, id=371, 365.365pt x 524.96
124pt>
File: images/act_1.3/joint_position-eps-converted-to.pdf Graphic file (type pdf
)
<use images/act_1.3/joint_position-eps-converted-to.pdf>
Package pdftex.def Info: images/act_1.3/joint_position-eps-converted-to.pdf  us
ed on input line 207.
(pdftex.def)             Requested size: 365.3641pt x 524.95996pt.
) [9] [10 <./images/act_1.3/ee_position-eps-converted-to.pdf> <./images/act_1.3
/ee_velocity-eps-converted-to.pdf> <./images/act_1.3/ee_acceleration-eps-conver
ted-to.pdf>]
[11 <./images/act_1.3/joint_position-eps-converted-to.pdf>] (./sections/1.4.tex
[12] [13] [14]
Package epstopdf Info: Source file: <images/act_1.4/ee_position.eps>
(epstopdf)                    date: 2021-10-20 11:17:07
(epstopdf)                    size: 150612 bytes
(epstopdf)             Output file: <images/act_1.4/ee_position-eps-converted-t
o.pdf>
(epstopdf)                    date: 2021-10-20 11:17:16
(epstopdf)                    size: 86141 bytes
(epstopdf)             Command: <repstopdf --outfile=images/act_1.4/ee_position
-eps-converted-to.pdf images/act_1.4/ee_position.eps>
(epstopdf)             \includegraphics on input line 142.
Package epstopdf Info: Output file is already uptodate.
<images/act_1.4/ee_position-eps-converted-to.pdf, id=588, 161.60374pt x 498.863
75pt>
File: images/act_1.4/ee_position-eps-converted-to.pdf Graphic file (type pdf)
<use images/act_1.4/ee_position-eps-converted-to.pdf>
Package pdftex.def Info: images/act_1.4/ee_position-eps-converted-to.pdf  used 
on input line 142.
(pdftex.def)             Requested size: 161.60335pt x 498.86253pt.
Package epstopdf Info: Source file: <images/act_1.4/ee_velocity.eps>
(epstopdf)                    date: 2021-10-20 11:17:08
(epstopdf)                    size: 158860 bytes
(epstopdf)             Output file: <images/act_1.4/ee_velocity-eps-converted-t
o.pdf>
(epstopdf)                    date: 2021-10-20 11:17:17
(epstopdf)                    size: 83731 bytes
(epstopdf)             Command: <repstopdf --outfile=images/act_1.4/ee_velocity
-eps-converted-to.pdf images/act_1.4/ee_velocity.eps>
(epstopdf)             \includegraphics on input line 146.
Package epstopdf Info: Output file is already uptodate.
<images/act_1.4/ee_velocity-eps-converted-to.pdf, id=589, 165.61874pt x 524.961
24pt>
File: images/act_1.4/ee_velocity-eps-converted-to.pdf Graphic file (type pdf)
<use images/act_1.4/ee_velocity-eps-converted-to.pdf>
Package pdftex.def Info: images/act_1.4/ee_velocity-eps-converted-to.pdf  used 
on input line 146.
(pdftex.def)             Requested size: 165.61833pt x 524.95996pt.
Package epstopdf Info: Source file: <images/act_1.4/ee_acceleration.eps>
(epstopdf)                    date: 2021-10-20 11:17:09
(epstopdf)                    size: 140046 bytes
(epstopdf)             Output file: <images/act_1.4/ee_acceleration-eps-convert
ed-to.pdf>
(epstopdf)                    date: 2021-10-20 11:17:17
(epstopdf)                    size: 77581 bytes
(epstopdf)             Command: <repstopdf --outfile=images/act_1.4/ee_accelera
tion-eps-converted-to.pdf images/act_1.4/ee_acceleration.eps>
(epstopdf)             \includegraphics on input line 150.
Package epstopdf Info: Output file is already uptodate.
<images/act_1.4/ee_acceleration-eps-converted-to.pdf, id=590, 161.60374pt x 496
.85625pt>
File: images/act_1.4/ee_acceleration-eps-converted-to.pdf Graphic file (type pd
f)
<use images/act_1.4/ee_acceleration-eps-converted-to.pdf>
Package pdftex.def Info: images/act_1.4/ee_acceleration-eps-converted-to.pdf  u
sed on input line 150.
(pdftex.def)             Requested size: 161.60335pt x 496.85503pt.
Package epstopdf Info: Source file: <images/act_1.4/joint_position.eps>
(epstopdf)                    date: 2021-10-20 11:17:09
(epstopdf)                    size: 174631 bytes
(epstopdf)             Output file: <images/act_1.4/joint_position-eps-converte
d-to.pdf>
(epstopdf)                    date: 2021-10-20 11:17:18
(epstopdf)                    size: 129098 bytes
(epstopdf)             Command: <repstopdf --outfile=images/act_1.4/joint_posit
ion-eps-converted-to.pdf images/act_1.4/joint_position.eps>
(epstopdf)             \includegraphics on input line 157.
Package epstopdf Info: Output file is already uptodate.
<images/act_1.4/joint_position-eps-converted-to.pdf, id=593, 370.38374pt x 498.
86375pt>
File: images/act_1.4/joint_position-eps-converted-to.pdf Graphic file (type pdf
)
<use images/act_1.4/joint_position-eps-converted-to.pdf>
Package pdftex.def Info: images/act_1.4/joint_position-eps-converted-to.pdf  us
ed on input line 157.
(pdftex.def)             Requested size: 370.38283pt x 498.86253pt.
) [15 <./images/act_1.4/ee_position-eps-converted-to.pdf> <./images/act_1.4/ee_
velocity-eps-converted-to.pdf> <./images/act_1.4/ee_acceleration-eps-converted-
to.pdf>] [16 <./images/act_1.4/joint_position-eps-converted-to.pdf>] (./section
s/1.5.tex [17] [18] [19]
Package epstopdf Info: Source file: <images/act_1.5/ee_position.eps>
(epstopdf)                    date: 2021-10-20 16:40:36
(epstopdf)                    size: 587353 bytes
(epstopdf)             Output file: <images/act_1.5/ee_position-eps-converted-t
o.pdf>
(epstopdf)                    date: 2021-10-20 16:41:25
(epstopdf)                    size: 173652 bytes
(epstopdf)             Command: <repstopdf --outfile=images/act_1.5/ee_position
-eps-converted-to.pdf images/act_1.5/ee_position.eps>
(epstopdf)             \includegraphics on input line 159.
Package epstopdf Info: Output file is already uptodate.
<images/act_1.5/ee_position-eps-converted-to.pdf, id=759, 157.58875pt x 494.848
75pt>
File: images/act_1.5/ee_position-eps-converted-to.pdf Graphic file (type pdf)
<use images/act_1.5/ee_position-eps-converted-to.pdf>
Package pdftex.def Info: images/act_1.5/ee_position-eps-converted-to.pdf  used 
on input line 159.
(pdftex.def)             Requested size: 157.58835pt x 494.84755pt.
Package epstopdf Info: Source file: <images/act_1.5/ee_velocity.eps>
(epstopdf)                    date: 2021-10-20 16:40:38
(epstopdf)                    size: 588365 bytes
(epstopdf)             Output file: <images/act_1.5/ee_velocity-eps-converted-t
o.pdf>
(epstopdf)                    date: 2021-10-20 16:41:26
(epstopdf)                    size: 170256 bytes
(epstopdf)             Command: <repstopdf --outfile=images/act_1.5/ee_velocity
-eps-converted-to.pdf images/act_1.5/ee_velocity.eps>
(epstopdf)             \includegraphics on input line 163.
Package epstopdf Info: Output file is already uptodate.
<images/act_1.5/ee_velocity-eps-converted-to.pdf, id=760, 165.61874pt x 524.961
24pt>
File: images/act_1.5/ee_velocity-eps-converted-to.pdf Graphic file (type pdf)
<use images/act_1.5/ee_velocity-eps-converted-to.pdf>
Package pdftex.def Info: images/act_1.5/ee_velocity-eps-converted-to.pdf  used 
on input line 163.
(pdftex.def)             Requested size: 165.61833pt x 524.95996pt.
Package epstopdf Info: Source file: <images/act_1.5/ee_acceleration.eps>
(epstopdf)                    date: 2021-10-20 16:40:39
(epstopdf)                    size: 596428 bytes
(epstopdf)             Output file: <images/act_1.5/ee_acceleration-eps-convert
ed-to.pdf>
(epstopdf)                    date: 2021-10-20 16:41:27
(epstopdf)                    size: 193827 bytes
(epstopdf)             Command: <repstopdf --outfile=images/act_1.5/ee_accelera
tion-eps-converted-to.pdf images/act_1.5/ee_acceleration.eps>
(epstopdf)             \includegraphics on input line 167.
Package epstopdf Info: Output file is already uptodate.
<images/act_1.5/ee_acceleration-eps-converted-to.pdf, id=761, 156.585pt x 498.8
6375pt>
File: images/act_1.5/ee_acceleration-eps-converted-to.pdf Graphic file (type pd
f)
<use images/act_1.5/ee_acceleration-eps-converted-to.pdf>
Package pdftex.def Info: images/act_1.5/ee_acceleration-eps-converted-to.pdf  u
sed on input line 167.
(pdftex.def)             Requested size: 156.58461pt x 498.86253pt.
 [20]
Package epstopdf Info: Source file: <images/act_1.5/joint_position.eps>
(epstopdf)                    date: 2021-10-20 16:40:40
(epstopdf)                    size: 637716 bytes
(epstopdf)             Output file: <images/act_1.5/joint_position-eps-converte
d-to.pdf>
(epstopdf)                    date: 2021-10-20 16:41:27
(epstopdf)                    size: 282569 bytes
(epstopdf)             Command: <repstopdf --outfile=images/act_1.5/joint_posit
ion-eps-converted-to.pdf images/act_1.5/joint_position.eps>
(epstopdf)             \includegraphics on input line 174.
Package epstopdf Info: Output file is already uptodate.
<images/act_1.5/joint_position-eps-converted-to.pdf, id=785, 365.365pt x 498.86
375pt>
File: images/act_1.5/joint_position-eps-converted-to.pdf Graphic file (type pdf
)
<use images/act_1.5/joint_position-eps-converted-to.pdf>
Package pdftex.def Info: images/act_1.5/joint_position-eps-converted-to.pdf  us
ed on input line 174.
(pdftex.def)             Requested size: 365.3641pt x 498.86253pt.
) [21 <./images/act_1.5/ee_position-eps-converted-to.pdf> <./images/act_1.5/ee_
velocity-eps-converted-to.pdf> <./images/act_1.5/ee_acceleration-eps-converted-
to.pdf>] [22 <./images/act_1.5/joint_position-eps-converted-to.pdf>] (./section
s/1.6.tex [23] [24] [25]
Package epstopdf Info: Source file: <images/act_1.6/ee_position.eps>
(epstopdf)                    date: 2021-10-20 17:54:06
(epstopdf)                    size: 590968 bytes
(epstopdf)             Output file: <images/act_1.6/ee_position-eps-converted-t
o.pdf>
(epstopdf)                    date: 2021-10-20 18:01:28
(epstopdf)                    size: 184817 bytes
(epstopdf)             Command: <repstopdf --outfile=images/act_1.6/ee_position
-eps-converted-to.pdf images/act_1.6/ee_position.eps>
(epstopdf)             \includegraphics on input line 165.
Package epstopdf Info: Output file is already uptodate.
<images/act_1.6/ee_position-eps-converted-to.pdf, id=947, 156.585pt x 494.84875
pt>
File: images/act_1.6/ee_position-eps-converted-to.pdf Graphic file (type pdf)
<use images/act_1.6/ee_position-eps-converted-to.pdf>
Package pdftex.def Info: images/act_1.6/ee_position-eps-converted-to.pdf  used 
on input line 165.
(pdftex.def)             Requested size: 156.58461pt x 494.84755pt.
Package epstopdf Info: Source file: <images/act_1.6/ee_velocity.eps>
(epstopdf)                    date: 2021-10-20 17:54:07
(epstopdf)                    size: 620625 bytes
(epstopdf)             Output file: <images/act_1.6/ee_velocity-eps-converted-t
o.pdf>
(epstopdf)                    date: 2021-10-20 18:01:29
(epstopdf)                    size: 184365 bytes
(epstopdf)             Command: <repstopdf --outfile=images/act_1.6/ee_velocity
-eps-converted-to.pdf images/act_1.6/ee_velocity.eps>
(epstopdf)             \includegraphics on input line 169.
Package epstopdf Info: Output file is already uptodate.
<images/act_1.6/ee_velocity-eps-converted-to.pdf, id=948, 166.6225pt x 524.9612
4pt>
File: images/act_1.6/ee_velocity-eps-converted-to.pdf Graphic file (type pdf)
<use images/act_1.6/ee_velocity-eps-converted-to.pdf>
Package pdftex.def Info: images/act_1.6/ee_velocity-eps-converted-to.pdf  used 
on input line 169.
(pdftex.def)             Requested size: 166.62209pt x 524.95996pt.
Package epstopdf Info: Source file: <images/act_1.6/ee_acceleration.eps>
(epstopdf)                    date: 2021-10-20 17:54:08
(epstopdf)                    size: 593700 bytes
(epstopdf)             Output file: <images/act_1.6/ee_acceleration-eps-convert
ed-to.pdf>
(epstopdf)                    date: 2021-10-20 18:01:30
(epstopdf)                    size: 156915 bytes
(epstopdf)             Command: <repstopdf --outfile=images/act_1.6/ee_accelera
tion-eps-converted-to.pdf images/act_1.6/ee_acceleration.eps>
(epstopdf)             \includegraphics on input line 173.
Package epstopdf Info: Output file is already uptodate.
<images/act_1.6/ee_acceleration-eps-converted-to.pdf, id=949, 155.58125pt x 494
.84875pt>
File: images/act_1.6/ee_acceleration-eps-converted-to.pdf Graphic file (type pd
f)
<use images/act_1.6/ee_acceleration-eps-converted-to.pdf>
Package pdftex.def Info: images/act_1.6/ee_acceleration-eps-converted-to.pdf  u
sed on input line 173.
(pdftex.def)             Requested size: 155.58086pt x 494.84755pt.
 [26]
Package epstopdf Info: Source file: <images/act_1.6/joint_position.eps>
(epstopdf)                    date: 2021-10-20 17:54:09
(epstopdf)                    size: 647561 bytes
(epstopdf)             Output file: <images/act_1.6/joint_position-eps-converte
d-to.pdf>
(epstopdf)                    date: 2021-10-20 18:01:31
(epstopdf)                    size: 248563 bytes
(epstopdf)             Command: <repstopdf --outfile=images/act_1.6/joint_posit
ion-eps-converted-to.pdf images/act_1.6/joint_position.eps>
(epstopdf)             \includegraphics on input line 180.
Package epstopdf Info: Output file is already uptodate.
<images/act_1.6/joint_position-eps-converted-to.pdf, id=981, 363.3575pt x 507.8
975pt>
File: images/act_1.6/joint_position-eps-converted-to.pdf Graphic file (type pdf
)
<use images/act_1.6/joint_position-eps-converted-to.pdf>
Package pdftex.def Info: images/act_1.6/joint_position-eps-converted-to.pdf  us
ed on input line 180.
(pdftex.def)             Requested size: 363.3566pt x 507.89627pt.
)
[27 <./images/act_1.6/ee_position-eps-converted-to.pdf> <./images/act_1.6/ee_ve
locity-eps-converted-to.pdf> <./images/act_1.6/ee_acceleration-eps-converted-to
.pdf>] [28 <./images/act_1.6/joint_position-eps-converted-to.pdf>]
(./sections/1.7.tex [29] [30] [31]
Package epstopdf Info: Source file: <images/act_1.7/ee_position.eps>
(epstopdf)                    date: 2021-10-20 20:59:29
(epstopdf)                    size: 610180 bytes
(epstopdf)             Output file: <images/act_1.7/ee_position-eps-converted-t
o.pdf>
(epstopdf)                    date: 2021-10-20 20:59:39
(epstopdf)                    size: 219765 bytes
(epstopdf)             Command: <repstopdf --outfile=images/act_1.7/ee_position
-eps-converted-to.pdf images/act_1.7/ee_position.eps>
(epstopdf)             \includegraphics on input line 170.
Package epstopdf Info: Output file is already uptodate.
<images/act_1.7/ee_position-eps-converted-to.pdf, id=1139, 156.585pt x 498.8637
5pt>
File: images/act_1.7/ee_position-eps-converted-to.pdf Graphic file (type pdf)
<use images/act_1.7/ee_position-eps-converted-to.pdf>
Package pdftex.def Info: images/act_1.7/ee_position-eps-converted-to.pdf  used 
on input line 170.
(pdftex.def)             Requested size: 156.58461pt x 498.86253pt.
Package epstopdf Info: Source file: <images/act_1.7/ee_velocity.eps>
(epstopdf)                    date: 2021-10-20 20:59:14
(epstopdf)                    size: 597194 bytes
(epstopdf)             Output file: <images/act_1.7/ee_velocity-eps-converted-t
o.pdf>
(epstopdf)                    date: 2021-10-20 20:59:21
(epstopdf)                    size: 216480 bytes
(epstopdf)             Command: <repstopdf --outfile=images/act_1.7/ee_velocity
-eps-converted-to.pdf images/act_1.7/ee_velocity.eps>
(epstopdf)             \includegraphics on input line 174.
Package epstopdf Info: Output file is already uptodate.
<images/act_1.7/ee_velocity-eps-converted-to.pdf, id=1140, 165.61874pt x 524.96
124pt>
File: images/act_1.7/ee_velocity-eps-converted-to.pdf Graphic file (type pdf)
<use images/act_1.7/ee_velocity-eps-converted-to.pdf>
Package pdftex.def Info: images/act_1.7/ee_velocity-eps-converted-to.pdf  used 
on input line 174.
(pdftex.def)             Requested size: 165.61833pt x 524.95996pt.
Package epstopdf Info: Source file: <images/act_1.7/ee_acceleration.eps>
(epstopdf)                    date: 2021-10-20 20:59:34
(epstopdf)                    size: 563836 bytes
(epstopdf)             Output file: <images/act_1.7/ee_acceleration-eps-convert
ed-to.pdf>
(epstopdf)                    date: 2021-10-20 20:59:40
(epstopdf)                    size: 197382 bytes
(epstopdf)             Command: <repstopdf --outfile=images/act_1.7/ee_accelera
tion-eps-converted-to.pdf images/act_1.7/ee_acceleration.eps>
(epstopdf)             \includegraphics on input line 178.
Package epstopdf Info: Output file is already uptodate.
<images/act_1.7/ee_acceleration-eps-converted-to.pdf, id=1141, 156.585pt x 498.
86375pt>
File: images/act_1.7/ee_acceleration-eps-converted-to.pdf Graphic file (type pd
f)
<use images/act_1.7/ee_acceleration-eps-converted-to.pdf>
Package pdftex.def Info: images/act_1.7/ee_acceleration-eps-converted-to.pdf  u
sed on input line 178.
(pdftex.def)             Requested size: 156.58461pt x 498.86253pt.
 [32]
Package epstopdf Info: Source file: <images/act_1.7/joint_position.eps>
(epstopdf)                    date: 2021-10-20 20:59:16
(epstopdf)                    size: 640680 bytes
(epstopdf)             Output file: <images/act_1.7/joint_position-eps-converte
d-to.pdf>
(epstopdf)                    date: 2021-10-20 20:59:22
(epstopdf)                    size: 280988 bytes
(epstopdf)             Command: <repstopdf --outfile=images/act_1.7/joint_posit
ion-eps-converted-to.pdf images/act_1.7/joint_position.eps>
(epstopdf)             \includegraphics on input line 185.
Package epstopdf Info: Output file is already uptodate.
<images/act_1.7/joint_position-eps-converted-to.pdf, id=1184, 363.3575pt x 507.
8975pt>
File: images/act_1.7/joint_position-eps-converted-to.pdf Graphic file (type pdf
)
<use images/act_1.7/joint_position-eps-converted-to.pdf>
Package pdftex.def Info: images/act_1.7/joint_position-eps-converted-to.pdf  us
ed on input line 185.
(pdftex.def)             Requested size: 363.3566pt x 507.89627pt.
) [33 <./images/act_1.7/ee_position-eps-converted-to.pdf> <./images/act_1.7/ee_
velocity-eps-converted-to.pdf> <./images/act_1.7/ee_acceleration-eps-converted-
to.pdf>] [34 <./images/act_1.7/joint_position-eps-converted-to.pdf>]
Package atveryend Info: Empty hook `BeforeClearDocument' on input line 21.
Package atveryend Info: Empty hook `AfterLastShipout' on input line 21.
 (./main.aux)
Package atveryend Info: Executing hook `AtVeryEndDocument' on input line 21.
Package atveryend Info: Executing hook `AtEndAfterFileList' on input line 21.
Package rerunfilecheck Info: File `main.out' has not changed.
(rerunfilecheck)             Checksum: 8F1C7E7A09F1BBD76009B7DF6118A034;669.
 ) 
Here is how much of TeX's memory you used:
 27503 strings out of 481239
 545275 string characters out of 5920377
 1146500 words of memory out of 5000000
 41415 multiletter control sequences out of 15000+600000
 543115 words of font info for 65 fonts, out of 8000000 for 9000
 1141 hyphenation exceptions out of 8191
 67i,12n,105p,1840b,1916s stack positions out of 5000i,500n,10000p,200000b,80000s
</usr/share/texlive/texmf-dist/fonts/type1/public/amsfonts/cm/cmbx12.pfb></us
r/share/texlive/texmf-dist/fonts/type1/public/amsfonts/cm/cmbx8.pfb></usr/share
/texlive/texmf-dist/fonts/type1/public/amsfonts/cm/cmex10.pfb></usr/share/texli
ve/texmf-dist/fonts/type1/public/amsfonts/cm/cmmi12.pfb></usr/share/texlive/tex
mf-dist/fonts/type1/public/amsfonts/cm/cmmi8.pfb></usr/share/texlive/texmf-dist
/fonts/type1/public/amsfonts/cm/cmmib10.pfb></usr/share/texlive/texmf-dist/font
s/type1/public/amsfonts/cm/cmr10.pfb></usr/share/texlive/texmf-dist/fonts/type1
/public/amsfonts/cm/cmr12.pfb></usr/share/texlive/texmf-dist/fonts/type1/public
/amsfonts/cm/cmr8.pfb></usr/share/texlive/texmf-dist/fonts/type1/public/amsfont
s/cm/cmsy10.pfb></usr/share/texlive/texmf-dist/fonts/type1/public/amsfonts/cm/c
msy8.pfb></usr/share/texlive/texmf-dist/fonts/type1/public/amsfonts/cm/cmti12.p
fb></usr/share/texlive/texmf-dist/fonts/type1/public/amsfonts/cm/cmtt10.pfb>
Output written on main.pdf (34 pages, 4787306 bytes).
PDF statistics:
 1414 PDF objects out of 1440 (max. 8388607)
 1280 compressed objects within 13 object streams
 818 named destinations out of 1000 (max. 500000)
 356 words of extra memory for PDF output out of 10000 (max. 10000000)

